mode: set
github.com/TMSLabs/go-tooling/k8shelper/namespace.go:9.37,12.16 3 0
github.com/TMSLabs/go-tooling/k8shelper/namespace.go:12.16,14.3 1 0
github.com/TMSLabs/go-tooling/k8shelper/namespace.go:15.2,15.26 1 0
github.com/TMSLabs/go-tooling/k8shelper/namespace.go:19.30,22.41 3 0
github.com/TMSLabs/go-tooling/k8shelper/namespace.go:22.41,24.3 1 0
github.com/TMSLabs/go-tooling/k8shelper/namespace.go:25.2,25.41 1 0
github.com/TMSLabs/go-tooling/k8shelper/namespace.go:25.41,27.3 1 0
github.com/TMSLabs/go-tooling/k8shelper/namespace.go:28.2,28.44 1 0
github.com/TMSLabs/go-tooling/k8shelper/namespace.go:28.44,30.3 1 0
github.com/TMSLabs/go-tooling/k8shelper/namespace.go:31.2,31.20 1 0
github.com/TMSLabs/go-tooling/httphelper/handler.go:32.20,36.54 3 1
github.com/TMSLabs/go-tooling/httphelper/handler.go:36.54,50.3 5 1
github.com/TMSLabs/go-tooling/httphelper/request.go:41.27,63.2 8 1
github.com/TMSLabs/go-tooling/mysqlhelper/connect.go:14.44,16.16 2 1
github.com/TMSLabs/go-tooling/mysqlhelper/connect.go:16.16,18.3 1 1
github.com/TMSLabs/go-tooling/mysqlhelper/connect.go:20.2,20.16 1 0
github.com/TMSLabs/go-tooling/mysqlhelper/connect.go:24.40,27.16 2 1
github.com/TMSLabs/go-tooling/mysqlhelper/connect.go:27.16,29.3 1 1
github.com/TMSLabs/go-tooling/mysqlhelper/connect.go:30.2,30.15 1 0
github.com/TMSLabs/go-tooling/mysqlhelper/connect.go:30.15,31.36 1 0
github.com/TMSLabs/go-tooling/mysqlhelper/connect.go:31.36,33.4 1 0
github.com/TMSLabs/go-tooling/mysqlhelper/connect.go:35.2,35.34 1 0
github.com/TMSLabs/go-tooling/mysqlhelper/connect.go:35.34,37.3 1 0
github.com/TMSLabs/go-tooling/mysqlhelper/connect.go:39.2,39.12 1 0
github.com/TMSLabs/go-tooling/natshelper/connect.go:16.36,18.16 2 0
github.com/TMSLabs/go-tooling/natshelper/connect.go:18.16,20.3 1 0
github.com/TMSLabs/go-tooling/natshelper/connect.go:23.2,24.12 2 0
github.com/TMSLabs/go-tooling/natshelper/publish.go:26.82,51.2 7 0
github.com/TMSLabs/go-tooling/natshelper/publish.go:72.74,89.23 5 0
github.com/TMSLabs/go-tooling/natshelper/publish.go:89.23,91.3 1 0
github.com/TMSLabs/go-tooling/natshelper/publish.go:92.2,94.27 2 0
github.com/TMSLabs/go-tooling/natshelper/subscribe.go:39.31,42.48 2 0
github.com/TMSLabs/go-tooling/natshelper/subscribe.go:42.48,54.24 3 0
github.com/TMSLabs/go-tooling/natshelper/subscribe.go:54.24,56.4 1 0
github.com/TMSLabs/go-tooling/natshelper/subscribe.go:58.3,60.20 3 0
github.com/TMSLabs/go-tooling/natshelper/subscribe.go:91.31,94.60 2 0
github.com/TMSLabs/go-tooling/natshelper/subscribe.go:94.60,106.24 3 0
github.com/TMSLabs/go-tooling/natshelper/subscribe.go:106.24,108.4 1 0
github.com/TMSLabs/go-tooling/natshelper/subscribe.go:110.3,112.20 3 0
github.com/TMSLabs/go-tooling/telemetry/capture.go:26.67,27.16 1 1
github.com/TMSLabs/go-tooling/telemetry/capture.go:27.16,29.3 1 1
github.com/TMSLabs/go-tooling/telemetry/capture.go:32.2,32.35 1 1
github.com/TMSLabs/go-tooling/telemetry/capture.go:32.35,47.24 5 1
github.com/TMSLabs/go-tooling/telemetry/capture.go:47.24,49.4 1 0
github.com/TMSLabs/go-tooling/telemetry/capture.go:53.2,53.34 1 1
github.com/TMSLabs/go-tooling/telemetry/capture.go:53.34,62.3 5 1
github.com/TMSLabs/go-tooling/telemetry/capture.go:64.2,64.64 1 1
github.com/TMSLabs/go-tooling/telemetry/healthz.go:19.61,20.67 1 0
github.com/TMSLabs/go-tooling/telemetry/healthz.go:20.67,23.3 1 0
github.com/TMSLabs/go-tooling/telemetry/healthz.go:24.2,24.16 1 0
github.com/TMSLabs/go-tooling/telemetry/healthz.go:24.16,27.3 2 0
github.com/TMSLabs/go-tooling/telemetry/healthz.go:29.2,29.6 1 0
github.com/TMSLabs/go-tooling/telemetry/healthz.go:29.6,32.17 3 0
github.com/TMSLabs/go-tooling/telemetry/healthz.go:32.17,35.4 2 0
github.com/TMSLabs/go-tooling/telemetry/healthz.go:36.3,36.31 1 0
github.com/TMSLabs/go-tooling/telemetry/healthz.go:41.69,43.34 1 1
github.com/TMSLabs/go-tooling/telemetry/healthz.go:43.34,44.86 1 1
github.com/TMSLabs/go-tooling/telemetry/healthz.go:44.86,49.4 4 1
github.com/TMSLabs/go-tooling/telemetry/healthz.go:52.2,52.33 1 1
github.com/TMSLabs/go-tooling/telemetry/healthz.go:52.33,53.73 1 1
github.com/TMSLabs/go-tooling/telemetry/healthz.go:53.73,58.4 4 1
github.com/TMSLabs/go-tooling/telemetry/healthz.go:60.3,60.33 1 0
github.com/TMSLabs/go-tooling/telemetry/healthz.go:60.33,65.4 4 0
github.com/TMSLabs/go-tooling/telemetry/healthz.go:67.3,67.81 1 0
github.com/TMSLabs/go-tooling/telemetry/healthz.go:67.81,76.4 4 0
github.com/TMSLabs/go-tooling/telemetry/healthz.go:78.3,82.4 1 0
github.com/TMSLabs/go-tooling/telemetry/healthz.go:85.2,86.85 2 1
github.com/TMSLabs/go-tooling/telemetry/healthz.go:91.40,93.16 2 1
github.com/TMSLabs/go-tooling/telemetry/healthz.go:93.16,95.3 1 1
github.com/TMSLabs/go-tooling/telemetry/healthz.go:96.2,98.12 2 0
github.com/TMSLabs/go-tooling/telemetry/options.go:34.42,35.27 1 1
github.com/TMSLabs/go-tooling/telemetry/options.go:35.27,38.28 3 1
github.com/TMSLabs/go-tooling/telemetry/options.go:38.28,40.4 1 1
github.com/TMSLabs/go-tooling/telemetry/options.go:41.3,41.23 1 1
github.com/TMSLabs/go-tooling/telemetry/options.go:54.48,55.31 1 1
github.com/TMSLabs/go-tooling/telemetry/options.go:55.31,55.55 1 1
github.com/TMSLabs/go-tooling/telemetry/options.go:63.46,64.27 1 1
github.com/TMSLabs/go-tooling/telemetry/options.go:64.27,67.28 3 1
github.com/TMSLabs/go-tooling/telemetry/options.go:67.28,69.4 1 1
github.com/TMSLabs/go-tooling/telemetry/options.go:70.3,70.24 1 1
github.com/TMSLabs/go-tooling/telemetry/options.go:85.41,86.33 1 1
github.com/TMSLabs/go-tooling/telemetry/options.go:86.33,86.50 1 1
github.com/TMSLabs/go-tooling/telemetry/options.go:90.49,91.33 1 1
github.com/TMSLabs/go-tooling/telemetry/options.go:91.33,91.58 1 1
github.com/TMSLabs/go-tooling/telemetry/options.go:95.45,96.33 1 1
github.com/TMSLabs/go-tooling/telemetry/options.go:96.33,96.54 1 1
github.com/TMSLabs/go-tooling/telemetry/options.go:104.44,105.27 1 1
github.com/TMSLabs/go-tooling/telemetry/options.go:105.27,108.28 3 1
github.com/TMSLabs/go-tooling/telemetry/options.go:108.28,110.4 1 1
github.com/TMSLabs/go-tooling/telemetry/options.go:111.3,111.23 1 1
github.com/TMSLabs/go-tooling/telemetry/options.go:124.47,125.32 1 1
github.com/TMSLabs/go-tooling/telemetry/options.go:125.32,125.57 1 1
github.com/TMSLabs/go-tooling/telemetry/options.go:141.44,142.27 1 1
github.com/TMSLabs/go-tooling/telemetry/options.go:142.27,145.28 3 1
github.com/TMSLabs/go-tooling/telemetry/options.go:145.28,147.4 1 1
github.com/TMSLabs/go-tooling/telemetry/options.go:148.3,148.23 1 1
github.com/TMSLabs/go-tooling/telemetry/options.go:153.39,154.32 1 1
github.com/TMSLabs/go-tooling/telemetry/options.go:154.32,154.49 1 1
github.com/TMSLabs/go-tooling/telemetry/options.go:170.42,171.27 1 1
github.com/TMSLabs/go-tooling/telemetry/options.go:171.27,174.28 3 1
github.com/TMSLabs/go-tooling/telemetry/options.go:174.28,176.4 1 1
github.com/TMSLabs/go-tooling/telemetry/options.go:177.3,177.22 1 1
github.com/TMSLabs/go-tooling/telemetry/options.go:182.37,183.31 1 1
github.com/TMSLabs/go-tooling/telemetry/options.go:183.31,183.48 1 1
github.com/TMSLabs/go-tooling/telemetry/telemetry.go:32.37,35.27 2 1
github.com/TMSLabs/go-tooling/telemetry/telemetry.go:35.27,37.3 1 1
github.com/TMSLabs/go-tooling/telemetry/telemetry.go:38.2,42.21 3 1
github.com/TMSLabs/go-tooling/telemetry/telemetry.go:42.21,43.31 1 1
github.com/TMSLabs/go-tooling/telemetry/telemetry.go:43.31,46.4 2 1
github.com/TMSLabs/go-tooling/telemetry/telemetry.go:47.3,48.17 2 1
github.com/TMSLabs/go-tooling/telemetry/telemetry.go:48.17,51.4 2 1
github.com/TMSLabs/go-tooling/telemetry/telemetry.go:52.3,55.42 2 0
github.com/TMSLabs/go-tooling/telemetry/telemetry.go:59.2,59.21 1 1
github.com/TMSLabs/go-tooling/telemetry/telemetry.go:59.21,61.48 2 1
github.com/TMSLabs/go-tooling/telemetry/telemetry.go:61.48,63.4 1 1
github.com/TMSLabs/go-tooling/telemetry/telemetry.go:64.3,66.51 3 1
github.com/TMSLabs/go-tooling/telemetry/telemetry.go:70.2,70.23 1 1
github.com/TMSLabs/go-tooling/telemetry/telemetry.go:70.23,71.33 1 1
github.com/TMSLabs/go-tooling/telemetry/telemetry.go:71.33,74.4 2 1
github.com/TMSLabs/go-tooling/telemetry/telemetry.go:76.3,80.81 1 1
github.com/TMSLabs/go-tooling/telemetry/telemetry.go:80.81,81.77 1 0
github.com/TMSLabs/go-tooling/telemetry/telemetry.go:81.77,83.6 1 0
github.com/TMSLabs/go-tooling/telemetry/telemetry.go:84.5,84.15 1 0
github.com/TMSLabs/go-tooling/telemetry/telemetry.go:88.3,89.41 2 1
github.com/TMSLabs/go-tooling/telemetry/telemetry.go:89.41,91.4 1 1
github.com/TMSLabs/go-tooling/telemetry/telemetry.go:92.3,92.37 1 1
github.com/TMSLabs/go-tooling/telemetry/telemetry.go:92.37,94.4 1 1
github.com/TMSLabs/go-tooling/telemetry/telemetry.go:95.3,95.33 1 1
github.com/TMSLabs/go-tooling/telemetry/telemetry.go:95.33,97.4 1 1
github.com/TMSLabs/go-tooling/telemetry/telemetry.go:99.3,99.51 1 1
github.com/TMSLabs/go-tooling/telemetry/telemetry.go:99.51,102.4 2 1
github.com/TMSLabs/go-tooling/telemetry/telemetry.go:104.3,110.34 4 1
github.com/TMSLabs/go-tooling/telemetry/telemetry.go:114.2,114.22 1 1
github.com/TMSLabs/go-tooling/telemetry/telemetry.go:114.22,116.40 1 1
github.com/TMSLabs/go-tooling/telemetry/telemetry.go:116.40,119.4 2 1
github.com/TMSLabs/go-tooling/telemetry/telemetry.go:121.3,126.17 3 1
github.com/TMSLabs/go-tooling/telemetry/telemetry.go:126.17,129.4 2 0
github.com/TMSLabs/go-tooling/telemetry/telemetry.go:131.3,151.17 5 1
github.com/TMSLabs/go-tooling/telemetry/telemetry.go:154.2,154.17 1 1
github.com/TMSLabs/go-tooling/telemetry/telemetry.go:161.89,163.27 2 1
github.com/TMSLabs/go-tooling/telemetry/telemetry.go:163.27,165.3 1 1
github.com/TMSLabs/go-tooling/telemetry/telemetry.go:167.2,168.16 2 1
github.com/TMSLabs/go-tooling/telemetry/telemetry.go:168.16,170.3 1 1
github.com/TMSLabs/go-tooling/telemetry/telemetry.go:171.2,171.43 1 1
github.com/TMSLabs/go-tooling/telemetry/telemetry.go:171.43,172.17 1 0
github.com/TMSLabs/go-tooling/telemetry/telemetry.go:172.17,174.60 2 0
github.com/TMSLabs/go-tooling/telemetry/telemetry.go:174.60,176.5 1 0
github.com/TMSLabs/go-tooling/telemetry/telemetry.go:178.8,178.30 1 1
github.com/TMSLabs/go-tooling/telemetry/telemetry.go:178.30,179.17 1 1
github.com/TMSLabs/go-tooling/telemetry/telemetry.go:179.17,181.4 1 1
github.com/TMSLabs/go-tooling/telemetry/telemetry.go:183.2,183.16 1 1
github.com/TMSLabs/go-tooling/telemetry/telemetry.go:183.17,183.18 0 1
